<?xml version="1.0" encoding="UTF-8"?>
<!-- Generated by org.testng.reporters.JUnitXMLReporter -->
<testsuite ignored="0" hostname="PiyushSingh-MacBook-Air.local" failures="2" tests="3" name="Surefire test" time="24.14" errors="0" timestamp="2026-05-22T18:21:27 IST">
  <testcase classname="com.jobportal.tests.ui.RegisterUITest" name="testLogin on testLogin(com.jobportal.tests.ui.RegisterUITest)" time="17.921"/>
  <testcase classname="com.jobportal.tests.ui.RegisterUITest" name="testRegisterEmployer on testRegisterEmployer(com.jobportal.tests.ui.RegisterUITest)" time="21.466">
    <failure type="java.lang.RuntimeException" message="org.openqa.selenium.ElementClickInterceptedException: element click intercepted: Element is not clickable at point (600, 1049)
  (Session info: chrome=148.0.7778.179)
Build info: version: &amp;apos;4.15.0&amp;apos;, revision: &amp;apos;1d14b5521b&amp;apos;
System info: os.name: &amp;apos;Mac OS X&amp;apos;, os.arch: &amp;apos;aarch64&amp;apos;, os.version: &amp;apos;26.5&amp;apos;, java.version: &amp;apos;25.0.2&amp;apos;
Driver info: org.openqa.selenium.chrome.ChromeDriver
Command: [93617e31bf75e801c210d1f296419882, clickElement {id=f.1F811030213684D0F706D1E2A8A6A523.d.FDF37BB326E4064E35110784C999ACFA.e.21}]
Capabilities {acceptInsecureCerts: false, browserName: chrome, browserVersion: 148.0.7778.179, chrome: {chromedriverVersion: 148.0.7778.178 (d096af1c9e9..., userDataDir: /var/folders/nn/1wn776p16_1...}, fedcm:accounts: true, goog:chromeOptions: {debuggerAddress: localhost:63240}, goog:processID: 41287, networkConnectionEnabled: false, pageLoadStrategy: normal, platformName: mac, proxy: Proxy(), se:cdp: ws://localhost:63240/devtoo..., se:cdpVersion: 148.0.7778.179, setWindowRect: true, strictFileInteractability: false, timeouts: {implicit: 0, pageLoad: 300000, script: 30000}, unhandledPromptBehavior: dismiss and notify, webauthn:extension:credBlob: true, webauthn:extension:largeBlob: true, webauthn:extension:minPinLength: true, webauthn:extension:prf: true, webauthn:virtualAuthenticators: true}
Element: [[ChromeDriver: chrome on mac (93617e31bf75e801c210d1f296419882)] -&amp;gt; xpath: //button[@type=&amp;apos;submit&amp;apos;]]
Session ID: 93617e31bf75e801c210d1f296419882">
      <![CDATA[java.lang.RuntimeException: org.openqa.selenium.ElementClickInterceptedException: element click intercepted: Element is not clickable at point (600, 1049)
  (Session info: chrome=148.0.7778.179)
Build info: version: '4.15.0', revision: '1d14b5521b'
System info: os.name: 'Mac OS X', os.arch: 'aarch64', os.version: '26.5', java.version: '25.0.2'
Driver info: org.openqa.selenium.chrome.ChromeDriver
Command: [93617e31bf75e801c210d1f296419882, clickElement {id=f.1F811030213684D0F706D1E2A8A6A523.d.FDF37BB326E4064E35110784C999ACFA.e.21}]
Capabilities {acceptInsecureCerts: false, browserName: chrome, browserVersion: 148.0.7778.179, chrome: {chromedriverVersion: 148.0.7778.178 (d096af1c9e9..., userDataDir: /var/folders/nn/1wn776p16_1...}, fedcm:accounts: true, goog:chromeOptions: {debuggerAddress: localhost:63240}, goog:processID: 41287, networkConnectionEnabled: false, pageLoadStrategy: normal, platformName: mac, proxy: Proxy(), se:cdp: ws://localhost:63240/devtoo..., se:cdpVersion: 148.0.7778.179, setWindowRect: true, strictFileInteractability: false, timeouts: {implicit: 0, pageLoad: 300000, script: 30000}, unhandledPromptBehavior: dismiss and notify, webauthn:extension:credBlob: true, webauthn:extension:largeBlob: true, webauthn:extension:minPinLength: true, webauthn:extension:prf: true, webauthn:virtualAuthenticators: true}
Element: [[ChromeDriver: chrome on mac (93617e31bf75e801c210d1f296419882)] -> xpath: //button[@type='submit']]
Session ID: 93617e31bf75e801c210d1f296419882
at com.jobportal.tests.ui.RegisterUITest.testRegisterEmployer(RegisterUITest.java:179)
at org.junit.runners.model.FrameworkMethod$1.runReflectiveCall(FrameworkMethod.java:59)
at org.junit.internal.runners.model.ReflectiveCallable.run(ReflectiveCallable.java:12)
at org.junit.runners.model.FrameworkMethod.invokeExplosively(FrameworkMethod.java:56)
at org.junit.internal.runners.statements.InvokeMethod.evaluate(InvokeMethod.java:17)
at org.junit.internal.runners.statements.RunBefores.evaluate(RunBefores.java:26)
at org.junit.internal.runners.statements.RunAfters.evaluate(RunAfters.java:27)
at org.junit.runners.ParentRunner$3.evaluate(ParentRunner.java:306)
at org.junit.runners.BlockJUnit4ClassRunner$1.evaluate(BlockJUnit4ClassRunner.java:100)
at org.junit.runners.ParentRunner.runLeaf(ParentRunner.java:366)
at org.junit.runners.BlockJUnit4ClassRunner.runChild(BlockJUnit4ClassRunner.java:103)
at org.junit.runners.BlockJUnit4ClassRunner.runChild(BlockJUnit4ClassRunner.java:63)
at org.junit.runners.ParentRunner$4.run(ParentRunner.java:331)
at org.junit.runners.ParentRunner$1.schedule(ParentRunner.java:79)
at org.junit.runners.ParentRunner.runChildren(ParentRunner.java:329)
at org.junit.runners.ParentRunner.access$100(ParentRunner.java:66)
at org.junit.runners.ParentRunner$2.evaluate(ParentRunner.java:293)
at org.junit.runners.ParentRunner$3.evaluate(ParentRunner.java:306)
at org.junit.runners.ParentRunner.run(ParentRunner.java:413)
at org.junit.runner.JUnitCore.run(JUnitCore.java:137)
at org.junit.runner.JUnitCore.run(JUnitCore.java:115)
at java.base/java.util.ArrayList.forEach(ArrayList.java:1604)
Caused by: org.openqa.selenium.ElementClickInterceptedException: element click intercepted: Element is not clickable at point (600, 1049)
  (Session info: chrome=148.0.7778.179)
Build info: version: '4.15.0', revision: '1d14b5521b'
System info: os.name: 'Mac OS X', os.arch: 'aarch64', os.version: '26.5', java.version: '25.0.2'
Driver info: org.openqa.selenium.chrome.ChromeDriver
Command: [93617e31bf75e801c210d1f296419882, clickElement {id=f.1F811030213684D0F706D1E2A8A6A523.d.FDF37BB326E4064E35110784C999ACFA.e.21}]
Capabilities {acceptInsecureCerts: false, browserName: chrome, browserVersion: 148.0.7778.179, chrome: {chromedriverVersion: 148.0.7778.178 (d096af1c9e9..., userDataDir: /var/folders/nn/1wn776p16_1...}, fedcm:accounts: true, goog:chromeOptions: {debuggerAddress: localhost:63240}, goog:processID: 41287, networkConnectionEnabled: false, pageLoadStrategy: normal, platformName: mac, proxy: Proxy(), se:cdp: ws://localhost:63240/devtoo..., se:cdpVersion: 148.0.7778.179, setWindowRect: true, strictFileInteractability: false, timeouts: {implicit: 0, pageLoad: 300000, script: 30000}, unhandledPromptBehavior: dismiss and notify, webauthn:extension:credBlob: true, webauthn:extension:largeBlob: true, webauthn:extension:minPinLength: true, webauthn:extension:prf: true, webauthn:virtualAuthenticators: true}
Element: [[ChromeDriver: chrome on mac (93617e31bf75e801c210d1f296419882)] -> xpath: //button[@type='submit']]
Session ID: 93617e31bf75e801c210d1f296419882
at org.openqa.selenium.remote.codec.w3c.W3CHttpResponseCodec.createException(W3CHttpResponseCodec.java:200)
at org.openqa.selenium.remote.codec.w3c.W3CHttpResponseCodec.decode(W3CHttpResponseCodec.java:133)
at org.openqa.selenium.remote.codec.w3c.W3CHttpResponseCodec.decode(W3CHttpResponseCodec.java:52)
at org.openqa.selenium.remote.HttpCommandExecutor.execute(HttpCommandExecutor.java:191)
at org.openqa.selenium.remote.service.DriverCommandExecutor.invokeExecute(DriverCommandExecutor.java:200)
at org.openqa.selenium.remote.service.DriverCommandExecutor.execute(DriverCommandExecutor.java:175)
at org.openqa.selenium.remote.RemoteWebDriver.execute(RemoteWebDriver.java:607)
at org.openqa.selenium.remote.RemoteWebElement.execute(RemoteWebElement.java:224)
at org.openqa.selenium.remote.RemoteWebElement.click(RemoteWebElement.java:77)
at com.jobportal.tests.ui.RegisterUITest.testRegisterEmployer(RegisterUITest.java:161)
... 47 more
... Removed 29 stack frames]]>
    </failure>
  </testcase> <!-- testRegisterEmployer on testRegisterEmployer(com.jobportal.tests.ui.RegisterUITest) -->
  <testcase classname="com.jobportal.tests.ui.RegisterUITest" name="testRegisterJobSeeker on testRegisterJobSeeker(com.jobportal.tests.ui.RegisterUITest)" time="24.102">
    <failure type="java.lang.RuntimeException" message="org.openqa.selenium.ElementClickInterceptedException: element click intercepted: Element is not clickable at point (600, 1042)
  (Session info: chrome=148.0.7778.179)
Build info: version: &amp;apos;4.15.0&amp;apos;, revision: &amp;apos;1d14b5521b&amp;apos;
System info: os.name: &amp;apos;Mac OS X&amp;apos;, os.arch: &amp;apos;aarch64&amp;apos;, os.version: &amp;apos;26.5&amp;apos;, java.version: &amp;apos;25.0.2&amp;apos;
Driver info: org.openqa.selenium.chrome.ChromeDriver
Command: [599b4befe6f8d973f131e915f8335b51, clickElement {id=f.CC3ABFF69D1009B7FDDC7846018D5B99.d.0BDC10A74A99C84E5624C05BAF5595AD.e.20}]
Capabilities {acceptInsecureCerts: false, browserName: chrome, browserVersion: 148.0.7778.179, chrome: {chromedriverVersion: 148.0.7778.178 (d096af1c9e9..., userDataDir: /var/folders/nn/1wn776p16_1...}, fedcm:accounts: true, goog:chromeOptions: {debuggerAddress: localhost:63274}, goog:processID: 41408, networkConnectionEnabled: false, pageLoadStrategy: normal, platformName: mac, proxy: Proxy(), se:cdp: ws://localhost:63274/devtoo..., se:cdpVersion: 148.0.7778.179, setWindowRect: true, strictFileInteractability: false, timeouts: {implicit: 0, pageLoad: 300000, script: 30000}, unhandledPromptBehavior: dismiss and notify, webauthn:extension:credBlob: true, webauthn:extension:largeBlob: true, webauthn:extension:minPinLength: true, webauthn:extension:prf: true, webauthn:virtualAuthenticators: true}
Element: [[ChromeDriver: chrome on mac (599b4befe6f8d973f131e915f8335b51)] -&amp;gt; xpath: //button[@type=&amp;apos;submit&amp;apos;]]
Session ID: 599b4befe6f8d973f131e915f8335b51">
      <![CDATA[java.lang.RuntimeException: org.openqa.selenium.ElementClickInterceptedException: element click intercepted: Element is not clickable at point (600, 1042)
  (Session info: chrome=148.0.7778.179)
Build info: version: '4.15.0', revision: '1d14b5521b'
System info: os.name: 'Mac OS X', os.arch: 'aarch64', os.version: '26.5', java.version: '25.0.2'
Driver info: org.openqa.selenium.chrome.ChromeDriver
Command: [599b4befe6f8d973f131e915f8335b51, clickElement {id=f.CC3ABFF69D1009B7FDDC7846018D5B99.d.0BDC10A74A99C84E5624C05BAF5595AD.e.20}]
Capabilities {acceptInsecureCerts: false, browserName: chrome, browserVersion: 148.0.7778.179, chrome: {chromedriverVersion: 148.0.7778.178 (d096af1c9e9..., userDataDir: /var/folders/nn/1wn776p16_1...}, fedcm:accounts: true, goog:chromeOptions: {debuggerAddress: localhost:63274}, goog:processID: 41408, networkConnectionEnabled: false, pageLoadStrategy: normal, platformName: mac, proxy: Proxy(), se:cdp: ws://localhost:63274/devtoo..., se:cdpVersion: 148.0.7778.179, setWindowRect: true, strictFileInteractability: false, timeouts: {implicit: 0, pageLoad: 300000, script: 30000}, unhandledPromptBehavior: dismiss and notify, webauthn:extension:credBlob: true, webauthn:extension:largeBlob: true, webauthn:extension:minPinLength: true, webauthn:extension:prf: true, webauthn:virtualAuthenticators: true}
Element: [[ChromeDriver: chrome on mac (599b4befe6f8d973f131e915f8335b51)] -> xpath: //button[@type='submit']]
Session ID: 599b4befe6f8d973f131e915f8335b51
at com.jobportal.tests.ui.RegisterUITest.testRegisterJobSeeker(RegisterUITest.java:112)
at org.junit.runners.model.FrameworkMethod$1.runReflectiveCall(FrameworkMethod.java:59)
at org.junit.internal.runners.model.ReflectiveCallable.run(ReflectiveCallable.java:12)
at org.junit.runners.model.FrameworkMethod.invokeExplosively(FrameworkMethod.java:56)
at org.junit.internal.runners.statements.InvokeMethod.evaluate(InvokeMethod.java:17)
at org.junit.internal.runners.statements.RunBefores.evaluate(RunBefores.java:26)
at org.junit.internal.runners.statements.RunAfters.evaluate(RunAfters.java:27)
at org.junit.runners.ParentRunner$3.evaluate(ParentRunner.java:306)
at org.junit.runners.BlockJUnit4ClassRunner$1.evaluate(BlockJUnit4ClassRunner.java:100)
at org.junit.runners.ParentRunner.runLeaf(ParentRunner.java:366)
at org.junit.runners.BlockJUnit4ClassRunner.runChild(BlockJUnit4ClassRunner.java:103)
at org.junit.runners.BlockJUnit4ClassRunner.runChild(BlockJUnit4ClassRunner.java:63)
at org.junit.runners.ParentRunner$4.run(ParentRunner.java:331)
at org.junit.runners.ParentRunner$1.schedule(ParentRunner.java:79)
at org.junit.runners.ParentRunner.runChildren(ParentRunner.java:329)
at org.junit.runners.ParentRunner.access$100(ParentRunner.java:66)
at org.junit.runners.ParentRunner$2.evaluate(ParentRunner.java:293)
at org.junit.runners.ParentRunner$3.evaluate(ParentRunner.java:306)
at org.junit.runners.ParentRunner.run(ParentRunner.java:413)
at org.junit.runner.JUnitCore.run(JUnitCore.java:137)
at org.junit.runner.JUnitCore.run(JUnitCore.java:115)
at java.base/java.util.ArrayList.forEach(ArrayList.java:1604)
Caused by: org.openqa.selenium.ElementClickInterceptedException: element click intercepted: Element is not clickable at point (600, 1042)
  (Session info: chrome=148.0.7778.179)
Build info: version: '4.15.0', revision: '1d14b5521b'
System info: os.name: 'Mac OS X', os.arch: 'aarch64', os.version: '26.5', java.version: '25.0.2'
Driver info: org.openqa.selenium.chrome.ChromeDriver
Command: [599b4befe6f8d973f131e915f8335b51, clickElement {id=f.CC3ABFF69D1009B7FDDC7846018D5B99.d.0BDC10A74A99C84E5624C05BAF5595AD.e.20}]
Capabilities {acceptInsecureCerts: false, browserName: chrome, browserVersion: 148.0.7778.179, chrome: {chromedriverVersion: 148.0.7778.178 (d096af1c9e9..., userDataDir: /var/folders/nn/1wn776p16_1...}, fedcm:accounts: true, goog:chromeOptions: {debuggerAddress: localhost:63274}, goog:processID: 41408, networkConnectionEnabled: false, pageLoadStrategy: normal, platformName: mac, proxy: Proxy(), se:cdp: ws://localhost:63274/devtoo..., se:cdpVersion: 148.0.7778.179, setWindowRect: true, strictFileInteractability: false, timeouts: {implicit: 0, pageLoad: 300000, script: 30000}, unhandledPromptBehavior: dismiss and notify, webauthn:extension:credBlob: true, webauthn:extension:largeBlob: true, webauthn:extension:minPinLength: true, webauthn:extension:prf: true, webauthn:virtualAuthenticators: true}
Element: [[ChromeDriver: chrome on mac (599b4befe6f8d973f131e915f8335b51)] -> xpath: //button[@type='submit']]
Session ID: 599b4befe6f8d973f131e915f8335b51
at org.openqa.selenium.remote.codec.w3c.W3CHttpResponseCodec.createException(W3CHttpResponseCodec.java:200)
at org.openqa.selenium.remote.codec.w3c.W3CHttpResponseCodec.decode(W3CHttpResponseCodec.java:133)
at org.openqa.selenium.remote.codec.w3c.W3CHttpResponseCodec.decode(W3CHttpResponseCodec.java:52)
at org.openqa.selenium.remote.HttpCommandExecutor.execute(HttpCommandExecutor.java:191)
at org.openqa.selenium.remote.service.DriverCommandExecutor.invokeExecute(DriverCommandExecutor.java:200)
at org.openqa.selenium.remote.service.DriverCommandExecutor.execute(DriverCommandExecutor.java:175)
at org.openqa.selenium.remote.RemoteWebDriver.execute(RemoteWebDriver.java:607)
at org.openqa.selenium.remote.RemoteWebElement.execute(RemoteWebElement.java:224)
at org.openqa.selenium.remote.RemoteWebElement.click(RemoteWebElement.java:77)
at com.jobportal.tests.ui.RegisterUITest.testRegisterJobSeeker(RegisterUITest.java:94)
... 47 more
... Removed 29 stack frames]]>
    </failure>
  </testcase> <!-- testRegisterJobSeeker on testRegisterJobSeeker(com.jobportal.tests.ui.RegisterUITest) -->
</testsuite> <!-- Surefire test -->
