<?xml version="1.0" encoding="UTF-8"?>
<!-- Generated by org.testng.reporters.JUnitXMLReporter -->
<testsuite ignored="0" hostname="PiyushSingh-MacBook-Air.local" failures="0" tests="3" name="Surefire test" time="40.16" errors="0" timestamp="2026-05-25T14:16:40 IST">
  <testcase classname="com.jobportal.tests.ui.RegisterUITest" name="testLogin on testLogin(com.jobportal.tests.ui.RegisterUITest)" time="11.591"/>
  <testcase classname="com.jobportal.tests.ui.RegisterUITest" name="testRegisterEmployer on testRegisterEmployer(com.jobportal.tests.ui.RegisterUITest)" time="23.112"/>
  <testcase classname="com.jobportal.tests.ui.RegisterUITest" name="testRegisterJobSeeker on testRegisterJobSeeker(com.jobportal.tests.ui.RegisterUITest)" time="40.102"/>
</testsuite> <!-- Surefire test -->
