<?xml version="1.0" encoding="UTF-8"?>
<!-- Generated by org.testng.reporters.JUnitXMLReporter -->
<testsuite ignored="0" hostname="PiyushSingh-MacBook-Air.local" failures="0" tests="3" name="Signup and Login Only" time="34.866" errors="0" timestamp="2026-05-25T14:23:08 IST">
  <testcase classname="com.jobportal.tests.ui.RegisterUITest" name="testLogin on testLogin(com.jobportal.tests.ui.RegisterUITest)" time="10.187"/>
  <testcase classname="com.jobportal.tests.ui.RegisterUITest" name="testRegisterEmployer on testRegisterEmployer(com.jobportal.tests.ui.RegisterUITest)" time="26.13"/>
  <testcase classname="com.jobportal.tests.ui.RegisterUITest" name="testRegisterJobSeeker on testRegisterJobSeeker(com.jobportal.tests.ui.RegisterUITest)" time="34.814"/>
</testsuite> <!-- Signup and Login Only -->
