<?xml version="1.0" encoding="UTF-8"?>
<testsuite xmlns:xsi="http://www.w3.org/2001/XMLSchema-instance" xsi:noNamespaceSchemaLocation="https://maven.apache.org/surefire/maven-surefire-plugin/xsd/surefire-test-report-3.0.xsd" version="3.0" name="TestSuite" time="35.176" tests="3" errors="0" skipped="0" failures="0">
  <properties>
[...]
</properties>
  <testcase name="testLogin on testLogin(com.jobportal.tests.ui.RegisterUITest)" classname="com.jobportal.tests.ui.RegisterUITest" time="10.181">
    <system-out><![CDATA[Browser opened: ChromeDriver
Navigated to: http://localhost:3000
Clicked Login link
Login form loaded
Entered email: leethakare69@gmail.com
Entered password
Clicked Submit button
Current URL after login: http://localhost:3000/login
✓ Login Test Passed
Browser closed
]]></system-out>
    <system-err><![CDATA[SLF4J(W): No SLF4J providers were found.
SLF4J(W): Defaulting to no-operation (NOP) logger implementation
SLF4J(W): See https://www.slf4j.org/codes.html#noProviders for further details.
May 25, 2026 2:22:36 PM org.openqa.selenium.devtools.CdpVersionFinder findNearestMatch
WARNING: Unable to find CDP implementation matching 148
May 25, 2026 2:22:36 PM org.openqa.selenium.chromium.ChromiumDriver lambda$new$5
WARNING: Unable to find version of CDP to use for 148.0.7778.179. You may need to include a dependency on a specific version of the CDP using something similar to `org.seleniumhq.selenium:selenium-devtools-v86:4.15.0` where the version ("v86") matches the version of the chromium-based browser you're using and the version number of the artifact is the same as Selenium's.
May 25, 2026 2:22:43 PM org.openqa.selenium.os.ExternalProcess$Builder lambda$start$0
WARNING: failed to copy the output of process 51404
java.io.IOException: Stream closed
	at java.base/java.io.BufferedInputStream.ensureOpen(BufferedInputStream.java:207)
	at java.base/java.io.BufferedInputStream.read(BufferedInputStream.java:379)
	at java.base/java.io.InputStream.transferTo(InputStream.java:795)
	at java.base/java.io.BufferedInputStream.transferTo(BufferedInputStream.java:554)
	at org.openqa.selenium.os.ExternalProcess$Builder.lambda$start$0(ExternalProcess.java:209)
	at java.base/java.lang.Thread.run(Thread.java:1474)

]]></system-err>
  </testcase>
  <testcase name="testRegisterEmployer on testRegisterEmployer(com.jobportal.tests.ui.RegisterUITest)" classname="com.jobportal.tests.ui.RegisterUITest" time="15.938">
    <system-out><![CDATA[Browser opened: ChromeDriver
Navigated to: http://localhost:3000
Clicked Register link
Register form loaded
Entered name: Jane Employer
Entered email: janeemployer1779699174689@test.com
Entered password
Entered confirm password
Selected role: employer
Clicked Submit button
Current URL after registration: http://localhost:3000/
✓ Employer Registration Test Passed
Browser closed
]]></system-out>
    <system-err><![CDATA[May 25, 2026 2:22:45 PM org.openqa.selenium.devtools.CdpVersionFinder findNearestMatch
WARNING: Unable to find CDP implementation matching 148
May 25, 2026 2:22:45 PM org.openqa.selenium.chromium.ChromiumDriver lambda$new$5
WARNING: Unable to find version of CDP to use for 148.0.7778.179. You may need to include a dependency on a specific version of the CDP using something similar to `org.seleniumhq.selenium:selenium-devtools-v86:4.15.0` where the version ("v86") matches the version of the chromium-based browser you're using and the version number of the artifact is the same as Selenium's.
May 25, 2026 2:22:59 PM org.openqa.selenium.os.ExternalProcess$Builder lambda$start$0
WARNING: failed to copy the output of process 51549
java.io.IOException: Stream closed
	at java.base/java.io.BufferedInputStream.ensureOpen(BufferedInputStream.java:207)
	at java.base/java.io.BufferedInputStream.read(BufferedInputStream.java:379)
	at java.base/java.io.InputStream.transferTo(InputStream.java:795)
	at java.base/java.io.BufferedInputStream.transferTo(BufferedInputStream.java:554)
	at org.openqa.selenium.os.ExternalProcess$Builder.lambda$start$0(ExternalProcess.java:209)
	at java.base/java.lang.Thread.run(Thread.java:1474)

]]></system-err>
  </testcase>
  <testcase name="testRegisterJobSeeker on testRegisterJobSeeker(com.jobportal.tests.ui.RegisterUITest)" classname="com.jobportal.tests.ui.RegisterUITest" time="8.686">
    <system-out><![CDATA[Browser opened: ChromeDriver
Navigated to: http://localhost:3000
Clicked Register link
Register form loaded
Entered name: John Seeker
Entered email: johnseeker1779699184053@test.com
Entered password
Entered confirm password
Selected role: jobseeker
Clicked Submit button
Current URL after registration: http://localhost:3000/
✓ Job Seeker Registration Test Passed
Browser closed
]]></system-out>
    <system-err><![CDATA[May 25, 2026 2:23:01 PM org.openqa.selenium.devtools.CdpVersionFinder findNearestMatch
WARNING: Unable to find CDP implementation matching 148
May 25, 2026 2:23:01 PM org.openqa.selenium.chromium.ChromiumDriver lambda$new$5
WARNING: Unable to find version of CDP to use for 148.0.7778.179. You may need to include a dependency on a specific version of the CDP using something similar to `org.seleniumhq.selenium:selenium-devtools-v86:4.15.0` where the version ("v86") matches the version of the chromium-based browser you're using and the version number of the artifact is the same as Selenium's.
May 25, 2026 2:23:08 PM org.openqa.selenium.os.ExternalProcess$Builder lambda$start$0
WARNING: failed to copy the output of process 51703
java.io.IOException: Stream closed
	at java.base/java.io.BufferedInputStream.ensureOpen(BufferedInputStream.java:207)
	at java.base/java.io.BufferedInputStream.read(BufferedInputStream.java:379)
	at java.base/java.io.InputStream.transferTo(InputStream.java:795)
	at java.base/java.io.BufferedInputStream.transferTo(BufferedInputStream.java:554)
	at org.openqa.selenium.os.ExternalProcess$Builder.lambda$start$0(ExternalProcess.java:209)
	at java.base/java.lang.Thread.run(Thread.java:1474)

May 25, 2026 2:23:08 PM org.openqa.selenium.os.ExternalProcess$Builder lambda$start$0
WARNING: failed to copy the output of process 51703
java.io.IOException: Stream closed
	at java.base/java.io.BufferedInputStream.ensureOpen(BufferedInputStream.java:207)
	at java.base/java.io.BufferedInputStream.read(BufferedInputStream.java:379)
	at java.base/java.io.InputStream.transferTo(InputStream.java:795)
	at java.base/java.io.BufferedInputStream.transferTo(BufferedInputStream.java:554)
	at org.openqa.selenium.os.ExternalProcess$Builder.lambda$start$0(ExternalProcess.java:209)
	at java.base/java.lang.Thread.run(Thread.java:1474)

May 25, 2026 2:23:08 PM org.openqa.selenium.os.ExternalProcess$Builder lambda$start$0
WARNING: failed to copy the output of process 51703
java.io.IOException: Stream closed
	at java.base/java.io.BufferedInputStream.ensureOpen(BufferedInputStream.java:207)
	at java.base/java.io.BufferedInputStream.read(BufferedInputStream.java:379)
	at java.base/java.io.InputStream.transferTo(InputStream.java:795)
	at java.base/java.io.BufferedInputStream.transferTo(BufferedInputStream.java:554)
	at org.openqa.selenium.os.ExternalProcess$Builder.lambda$start$0(ExternalProcess.java:209)
	at java.base/java.lang.Thread.run(Thread.java:1474)

]]></system-err>
  </testcase>
</testsuite>