<?xml version="1.0" encoding="UTF-8"?>
<testsuite xmlns:xsi="http://www.w3.org/2001/XMLSchema-instance" xsi:noNamespaceSchemaLocation="https://maven.apache.org/surefire/maven-surefire-plugin/xsd/surefire-test-report-3.0.xsd" version="3.0" name="com.jobportal.tests.ui.JobsUITest" time="17.121" tests="3" errors="0" skipped="0" failures="0">
  <properties>
[...]
</properties>
  <testcase name="testViewJobsList on testViewJobsList(com.jobportal.tests.ui.JobsUITest)" classname="com.jobportal.tests.ui.JobsUITest" time="5.776">
    <system-out><![CDATA[Browser opened: ChromeDriver
Navigated to: http://localhost:3000/jobs
Jobs loaded. Found 33 jobs
✓ View Jobs List Test Passed
Browser closed
]]></system-out>
    <system-err><![CDATA[SLF4J(W): No SLF4J providers were found.
SLF4J(W): Defaulting to no-operation (NOP) logger implementation
SLF4J(W): See https://www.slf4j.org/codes.html#noProviders for further details.
May 25, 2026 2:11:32 PM org.openqa.selenium.devtools.CdpVersionFinder findNearestMatch
WARNING: Unable to find CDP implementation matching 148
May 25, 2026 2:11:32 PM org.openqa.selenium.chromium.ChromiumDriver lambda$new$5
WARNING: Unable to find version of CDP to use for 148.0.7778.179. You may need to include a dependency on a specific version of the CDP using something similar to `org.seleniumhq.selenium:selenium-devtools-v86:4.15.0` where the version ("v86") matches the version of the chromium-based browser you're using and the version number of the artifact is the same as Selenium's.
]]></system-err>
  </testcase>
  <testcase name="testHomePageLoads on testHomePageLoads(com.jobportal.tests.ui.JobsUITest)" classname="com.jobportal.tests.ui.JobsUITest" time="4.617">
    <system-out><![CDATA[Browser opened: ChromeDriver
Navigated to: http://localhost:3000
Page loaded
✓ Home Page Load Test Passed
Browser closed
]]></system-out>
    <system-err><![CDATA[May 25, 2026 2:11:37 PM org.openqa.selenium.devtools.CdpVersionFinder findNearestMatch
WARNING: Unable to find CDP implementation matching 148
May 25, 2026 2:11:37 PM org.openqa.selenium.chromium.ChromiumDriver lambda$new$5
WARNING: Unable to find version of CDP to use for 148.0.7778.179. You may need to include a dependency on a specific version of the CDP using something similar to `org.seleniumhq.selenium:selenium-devtools-v86:4.15.0` where the version ("v86") matches the version of the chromium-based browser you're using and the version number of the artifact is the same as Selenium's.
]]></system-err>
  </testcase>
  <testcase name="testViewJobDetails on testViewJobDetails(com.jobportal.tests.ui.JobsUITest)" classname="com.jobportal.tests.ui.JobsUITest" time="6.408">
    <system-out><![CDATA[Browser opened: ChromeDriver
Navigated to: http://localhost:3000/jobs
First job details: Figma Desiner
🏢 Let's Upgrade
📍 Navi Mumbai
full-time
📌 TASK: Allow Recruiter to View Uploaded Resume for Each Job Application 🎯 GOAL: When a recruiter goes to the “View A...
💰 $50 - 80
Posted Jun 26, 2025
View Details
Software Developer
🏢 JPMorgan
📍 U.S.A
full-time
Job Description Job Description 📝 Job Description: We are looking for a passionate and motivated Frontend Developer wit...
💰 $50000 - 60000
Posted Jun 26, 2025
View Details
UI/UX Desiner
🏢 Microsoft
📍 France
full-time
Job Description 📝 Job Description: We are looking for a passionate and motivated Frontend Developer with basic knowledg...
💰 $50000 - 60000
Posted Jun 19, 2025
View Details
Frontend Developer
🏢 JPMorgan
📍 China
full-time
Job Description 📝 Job Description: We are looking for a passionate and motivated Frontend Developer with basic knowledg...
💰 $50000 - 60000
Posted Jun 19, 2025
View Details
FullStack Developer
🏢 Google
📍 Canada
full-time
Job Description 📝 Job Description: We are looking for a passionate and motivated Frontend Developer with basic knowledg...
💰 $50000 - 60000
Posted Jun 19, 2025
View Details
Backend Developer
🏢 JPMorgan
📍 UK
full-time
📌 Project Overview: We are building a Job Portal using the MERN Stack (MongoDB, Express.js, React.js, Node.js). This pr...
💰 $$50000 - $60000
Posted Jun 19, 2025
View Details
Markating
🏢 Let's Upgrade
📍 Navi Mumbai
full-time
📝 Job Description: We are looking for a passionate and motivated Frontend Developer with basic knowledge of React.js to...
💰 $$50 - $80
Posted Jun 18, 2025
View Details
MERN Stack Developer
🏢 Google
📍 CA
internship
📝 Job Description: We are looking for a passionate and motivated Frontend Developer with basic knowledge of React.js to...
💰 $$50000 - $60000
Posted Jun 18, 2025
View Details
Clicked on first job
Current URL: http://localhost:3000/jobs
✓ View Job Details Test Passed
Browser closed
]]></system-out>
    <system-err><![CDATA[May 25, 2026 2:11:41 PM org.openqa.selenium.devtools.CdpVersionFinder findNearestMatch
WARNING: Unable to find CDP implementation matching 148
May 25, 2026 2:11:41 PM org.openqa.selenium.chromium.ChromiumDriver lambda$new$5
WARNING: Unable to find version of CDP to use for 148.0.7778.179. You may need to include a dependency on a specific version of the CDP using something similar to `org.seleniumhq.selenium:selenium-devtools-v86:4.15.0` where the version ("v86") matches the version of the chromium-based browser you're using and the version number of the artifact is the same as Selenium's.
]]></system-err>
  </testcase>
</testsuite>