<?xml version="1.0" encoding="UTF-8"?>
<!-- Generated by org.testng.reporters.JUnitReportReporter -->
<testsuite hostname="PiyushSingh-MacBook-Air.local" failures="0" tests="5" name="com.jobportal.tests.api.RegisterUserTest" time="1.980" errors="0" timestamp="2026-05-25T14:08:51 IST" skipped="0">
  <testcase classname="com.jobportal.tests.api.RegisterUserTest" name="testRegisterWithInvalidEmail" time="0.652"/>
  <testcase classname="com.jobportal.tests.api.RegisterUserTest" name="testRegisterDuplicateEmail" time="0.534"/>
  <testcase classname="com.jobportal.tests.api.RegisterUserTest" name="testRegisterWithMissingFields" time="0.126"/>
  <testcase classname="com.jobportal.tests.api.RegisterUserTest" name="testRegisterUserAsJobSeeker" time="0.406"/>
  <testcase classname="com.jobportal.tests.api.RegisterUserTest" name="testRegisterUserAsEmployer" time="0.262"/>
</testsuite> <!-- com.jobportal.tests.api.RegisterUserTest -->
