<?xml version="1.0" encoding="UTF-8"?>
<!-- Generated by org.testng.reporters.JUnitReportReporter -->
<testsuite hostname="PiyushSingh-MacBook-Air.local" failures="0" tests="3" name="com.jobportal.tests.ui.RegisterUITest" time="71.131" errors="0" timestamp="2026-05-25T14:23:08 IST" skipped="0">
  <testcase classname="com.jobportal.tests.ui.RegisterUITest" name="testLogin" time="10.187"/>
  <testcase classname="com.jobportal.tests.ui.RegisterUITest" name="testRegisterEmployer" time="26.130"/>
  <testcase classname="com.jobportal.tests.ui.RegisterUITest" name="testRegisterJobSeeker" time="34.814"/>
</testsuite> <!-- com.jobportal.tests.ui.RegisterUITest -->
