<?xml version="1.0" encoding="UTF-8"?>
<!-- Generated by org.testng.reporters.JUnitReportReporter -->
<testsuite hostname="PiyushSingh-MacBook-Air.local" failures="0" tests="3" name="com.jobportal.tests.ui.JobsUITest" time="33.027" errors="0" timestamp="2026-05-25T14:11:47 IST" skipped="0">
  <testcase classname="com.jobportal.tests.ui.JobsUITest" name="testViewJobsList" time="5.793"/>
  <testcase classname="com.jobportal.tests.ui.JobsUITest" name="testViewJobDetails" time="16.820"/>
  <testcase classname="com.jobportal.tests.ui.JobsUITest" name="testHomePageLoads" time="10.414"/>
</testsuite> <!-- com.jobportal.tests.ui.JobsUITest -->
