<?xml version="1.0" encoding="UTF-8"?>
<!-- Generated by org.testng.reporters.JUnitReportReporter -->
<testsuite hostname="PiyushSingh-MacBook-Air.local" failures="0" tests="8" name="com.jobportal.tests.api.GetAllJobsTest" time="8.177" errors="0" timestamp="2026-05-25T14:08:51 IST" skipped="0">
  <testcase classname="com.jobportal.tests.api.GetAllJobsTest" name="testGetAllJobsResponseHeaders" time="1.009"/>
  <testcase classname="com.jobportal.tests.api.GetAllJobsTest" name="testGetAllJobsResponseTime" time="1.024"/>
  <testcase classname="com.jobportal.tests.api.GetAllJobsTest" name="testGetAllJobsSuccess" time="0.994"/>
  <testcase classname="com.jobportal.tests.api.GetAllJobsTest" name="testGetJobWithInvalidId" time="0.977"/>
  <testcase classname="com.jobportal.tests.api.GetAllJobsTest" name="testGetSingleJobById" time="0.961"/>
  <testcase classname="com.jobportal.tests.api.GetAllJobsTest" name="testJobsSortedByCreationDate" time="1.097"/>
  <testcase classname="com.jobportal.tests.api.GetAllJobsTest" name="testGetAllJobsReturnsArray" time="1.037"/>
  <testcase classname="com.jobportal.tests.api.GetAllJobsTest" name="testJobResponseContainsRequiredFields" time="1.078"/>
</testsuite> <!-- com.jobportal.tests.api.GetAllJobsTest -->
