<?xml version="1.0" encoding="UTF-8"?>
<!-- Generated by org.testng.reporters.JUnitReportReporter -->
<testsuite hostname="PiyushSingh-MacBook-Air.local" failures="0" tests="8" name="com.jobportal.tests.api.GetAllJobsTest" time="10.015" errors="0" timestamp="2026-05-22T18:18:48 IST" skipped="0">
  <testcase classname="com.jobportal.tests.api.GetAllJobsTest" name="testJobResponseContainsRequiredFields" time="1.331"/>
  <testcase classname="com.jobportal.tests.api.GetAllJobsTest" name="testGetSingleJobById" time="1.169"/>
  <testcase classname="com.jobportal.tests.api.GetAllJobsTest" name="testGetAllJobsResponseTime" time="1.255"/>
  <testcase classname="com.jobportal.tests.api.GetAllJobsTest" name="testJobsSortedByCreationDate" time="1.358"/>
  <testcase classname="com.jobportal.tests.api.GetAllJobsTest" name="testGetAllJobsSuccess" time="1.208"/>
  <testcase classname="com.jobportal.tests.api.GetAllJobsTest" name="testGetAllJobsResponseHeaders" time="1.233"/>
  <testcase classname="com.jobportal.tests.api.GetAllJobsTest" name="testGetJobWithInvalidId" time="1.189"/>
  <testcase classname="com.jobportal.tests.api.GetAllJobsTest" name="testGetAllJobsReturnsArray" time="1.272"/>
</testsuite> <!-- com.jobportal.tests.api.GetAllJobsTest -->
